<?xml version="1.0" encoding="UTF-8"?>
<!-- Generated by org.testng.reporters.JUnitXMLReporter -->
<testsuite hostname="LAPTOP-KBQLCN5B" ignored="0" name="ieTest" tests="5" failures="0" timestamp="21 Apr 2020 23:45:23 GMT" time="43.18" errors="0">
  <testcase name="logintest" time="8.485" classname="com.nopcommerce.testCases.TC_LoginTest_001"/>
  <testcase name="loginTest" time="12.366" classname="com.nopcommerce.testCases.TC_LoginDDT_002"/>
  <testcase name="loginTest" time="4.501" classname="com.nopcommerce.testCases.TC_LoginDDT_002"/>
  <testcase name="loginTest" time="4.56" classname="com.nopcommerce.testCases.TC_LoginDDT_002"/>
  <testcase name="loginTest" time="5.146" classname="com.nopcommerce.testCases.TC_LoginDDT_002"/>
</testsuite> <!-- ieTest -->
