<?xml version="1.0" encoding="UTF-8"?>
<testng-results skipped="0" failed="0" ignored="0" total="2" passed="2">
  <reporter-output>
  </reporter-output>
  <suite name="Suite" duration-ms="41256" started-at="2020-04-27T18:50:25Z" finished-at="2020-04-27T18:51:06Z">
    <groups>
    </groups>
    <test name="chromeTest" duration-ms="41256" started-at="2020-04-27T18:50:25Z" finished-at="2020-04-27T18:51:06Z">
      <class name="com.nopcommerce.testCases.TC_LoginTest_001">
        <test-method status="PASS" signature="setUp(java.lang.String)[pri:0, instance:com.nopcommerce.testCases.TC_LoginTest_001@10e31a9a]" name="setUp" is-config="true" duration-ms="7515" started-at="2020-04-27T18:50:25Z" finished-at="2020-04-27T18:50:32Z">
          <params>
            <param index="0">
              <value>
                <![CDATA[chrome]]>
              </value>
            </param>
          </params>
          <reporter-output>
          </reporter-output>
        </test-method> <!-- setUp -->
        <test-method status="PASS" signature="logintest()[pri:0, instance:com.nopcommerce.testCases.TC_LoginTest_001@10e31a9a]" name="logintest" duration-ms="8463" started-at="2020-04-27T18:50:32Z" finished-at="2020-04-27T18:50:41Z">
          <reporter-output>
          </reporter-output>
        </test-method> <!-- logintest -->
        <test-method status="PASS" signature="tearDown()[pri:0, instance:com.nopcommerce.testCases.TC_LoginTest_001@10e31a9a]" name="tearDown" is-config="true" duration-ms="731" started-at="2020-04-27T18:50:41Z" finished-at="2020-04-27T18:50:42Z">
          <reporter-output>
          </reporter-output>
        </test-method> <!-- tearDown -->
      </class> <!-- com.nopcommerce.testCases.TC_LoginTest_001 -->
      <class name="com.nopcommerce.testCases.TC_AddCustomerTest_003">
        <test-method status="PASS" signature="setUp(java.lang.String)[pri:0, instance:com.nopcommerce.testCases.TC_AddCustomerTest_003@131774fe]" name="setUp" is-config="true" duration-ms="5706" started-at="2020-04-27T18:50:42Z" finished-at="2020-04-27T18:50:47Z">
          <params>
            <param index="0">
              <value>
                <![CDATA[chrome]]>
              </value>
            </param>
          </params>
          <reporter-output>
          </reporter-output>
        </test-method> <!-- setUp -->
        <test-method status="PASS" signature="addNewCustomer()[pri:0, instance:com.nopcommerce.testCases.TC_AddCustomerTest_003@131774fe]" name="addNewCustomer" duration-ms="17932" started-at="2020-04-27T18:50:47Z" finished-at="2020-04-27T18:51:05Z">
          <reporter-output>
          </reporter-output>
        </test-method> <!-- addNewCustomer -->
        <test-method status="PASS" signature="tearDown()[pri:0, instance:com.nopcommerce.testCases.TC_AddCustomerTest_003@131774fe]" name="tearDown" is-config="true" duration-ms="748" started-at="2020-04-27T18:51:05Z" finished-at="2020-04-27T18:51:06Z">
          <reporter-output>
          </reporter-output>
        </test-method> <!-- tearDown -->
      </class> <!-- com.nopcommerce.testCases.TC_AddCustomerTest_003 -->
    </test> <!-- chromeTest -->
  </suite> <!-- Suite -->
</testng-results>
